<?xml version="1.0" encoding="UTF-8"?>
<Site BuildName="(empty)"
	BuildStamp="20231002-1453-Experimental"
	Name="yilangliu-Raider-GE66-12UGS"
	Generator="ctest-3.16.3"
	CompilerName="/usr/bin/g++"
	CompilerVersion="9.4.0"
	OSName="Linux"
	Hostname="yilangliu-Raider-GE66-12UGS"
	OSRelease="5.15.0-84-generic"
	OSVersion="#93~20.04.1-Ubuntu SMP Wed Sep 6 16:15:40 UTC 2023"
	OSPlatform="x86_64"
	Is64Bits="1"
	VendorString="GenuineIntel"
	VendorID="Intel Corporation"
	FamilyID="6"
	ModelID="154"
	ProcessorCacheSize="24576"
	NumberOfLogicalCPU="20"
	NumberOfPhysicalCPU="14"
	TotalVirtualMemory="2047"
	TotalPhysicalMemory="31790"
	LogicalProcessorsPerPhysical="1"
	ProcessorClockFrequency="2700"
	>
	<Testing>
		<StartDateTime>Oct 02 10:53 EDT</StartDateTime>
		<StartTestTime>1696258436</StartTestTime>
		<TestList/>
		<EndDateTime>Oct 02 10:53 EDT</EndDateTime>
		<EndTestTime>1696258436</EndTestTime>
		<ElapsedMinutes>0</ElapsedMinutes>
	</Testing>
</Site>
