<?xml version="1.0" encoding="UTF-8"?>
<Site BuildName="(empty)"
	BuildStamp="20231215-1552-Experimental"
	Name="yilangliu-Raider-GE66-12UGS"
	Generator="ctest-3.16.3"
	CompilerName="/usr/bin/g++"
	CompilerVersion="9.4.0"
	OSName="Linux"
	Hostname="yilangliu-Raider-GE66-12UGS"
	OSRelease="5.15.0-91-generic"
	OSVersion="#101~20.04.1-Ubuntu SMP Thu Nov 16 14:22:28 UTC 2023"
	OSPlatform="x86_64"
	Is64Bits="1"
	VendorString="GenuineIntel"
	VendorID="Intel Corporation"
	FamilyID="6"
	ModelID="154"
	ProcessorCacheSize="24576"
	NumberOfLogicalCPU="20"
	NumberOfPhysicalCPU="14"
	TotalVirtualMemory="2047"
	TotalPhysicalMemory="31790"
	LogicalProcessorsPerPhysical="1"
	ProcessorClockFrequency="2700"
	>
	<Testing>
		<StartDateTime>Dec 15 10:52 EST</StartDateTime>
		<StartTestTime>1702655560</StartTestTime>
		<TestList/>
		<EndDateTime>Dec 15 10:52 EST</EndDateTime>
		<EndTestTime>1702655560</EndTestTime>
		<ElapsedMinutes>0</ElapsedMinutes>
	</Testing>
</Site>
